<?xml version="1.0" encoding="UTF-8"?>
<!-- Generated by org.testng.reporters.JUnitReportReporter -->
<testsuite hostname="LAPTOP-MO78ICT9" name="com.inetbanking.testCases.LoginTest" tests="2" failures="0" timestamp="8 Jul 2020 15:46:18 GMT" time="38.677" errors="0">
  <testcase name="loginTest" time="20.150" classname="com.inetbanking.testCases.LoginTest"/>
  <testcase name="loginTest" time="18.527" classname="com.inetbanking.testCases.LoginTest"/>
</testsuite> <!-- com.inetbanking.testCases.LoginTest -->
