<?xml version="1.0" encoding="UTF-8"?>
<!-- Generated by org.testng.reporters.JUnitReportReporter -->
<testsuite hostname="LAPTOP-MO78ICT9" name="com.inetbanking.testCases.PropTestCase" tests="1" failures="0" timestamp="21 Sep 2020 11:12:00 GMT" time="11.849" errors="0">
  <testcase name="TestCase" time="11.849" classname="com.inetbanking.testCases.PropTestCase"/>
</testsuite> <!-- com.inetbanking.testCases.PropTestCase -->
