<?xml version="1.0" encoding="UTF-8"?>
<!-- Generated by org.testng.reporters.JUnitReportReporter -->
<testsuite hostname="LAPTOP-MO78ICT9" name="PracticeSelenium.V_Tiger_Leads" tests="1" failures="0" timestamp="19 Dec 2020 13:46:32 GMT" time="49.364" errors="0">
  <testcase name="loginTest" time="49.364" classname="PracticeSelenium.V_Tiger_Leads"/>
</testsuite> <!-- PracticeSelenium.V_Tiger_Leads -->
