<?xml version="1.0" encoding="UTF-8"?>
<!-- Generated by org.testng.reporters.JUnitReportReporter -->
<testsuite hostname="LAPTOP-MO78ICT9" name="com.inetbanking.Utilities.Reportss" tests="1" failures="0" timestamp="21 Sep 2020 18:57:02 GMT" time="0.268" errors="0">
  <testcase name="colourreports" time="0.268" classname="com.inetbanking.Utilities.Reportss"/>
</testsuite> <!-- com.inetbanking.Utilities.Reportss -->
