<?xml version="1.0" encoding="UTF-8"?>
<!-- Generated by org.testng.reporters.JUnitReportReporter -->
<testsuite hostname="LAPTOP-MO78ICT9" name="com.inetbanking.pageObject.Parameterization" tests="2" failures="0" timestamp="14 Nov 2020 14:07:47 GMT" time="17.177" errors="0">
  <testcase name="FacebookLogin" time="8.555" classname="com.inetbanking.pageObject.Parameterization"/>
  <testcase name="FacebookLogin" time="8.622" classname="com.inetbanking.pageObject.Parameterization"/>
</testsuite> <!-- com.inetbanking.pageObject.Parameterization -->
