<?xml version="1.0" encoding="UTF-8"?>
<!-- Generated by org.testng.reporters.JUnitReportReporter -->
<testsuite hostname="LAPTOP-MO78ICT9" name="com.inetbanking.pageObject.Demo222" tests="2" failures="0" timestamp="2 Dec 2020 20:38:58 GMT" time="0.014" errors="0">
  <testcase name="ab" time="0.005" classname="com.inetbanking.pageObject.Demo222"/>
  <testcase name="add" time="0.009" classname="com.inetbanking.pageObject.Demo222"/>
</testsuite> <!-- com.inetbanking.pageObject.Demo222 -->
