<?xml version="1.0" encoding="UTF-8"?>
<!-- Generated by org.testng.reporters.JUnitReportReporter -->
<testsuite hostname="LAPTOP-MO78ICT9" name="PracticeSelenium.Vtiger_Lead_Test" tests="4" failures="0" timestamp="19 Dec 2020 14:43:45 GMT" time="51.296" errors="0">
  <testcase name="leads_Vtiger" time="13.410" classname="PracticeSelenium.Vtiger_Lead_Test"/>
  <testcase name="leads_Vtiger" time="12.551" classname="PracticeSelenium.Vtiger_Lead_Test"/>
  <testcase name="leads_Vtiger" time="12.714" classname="PracticeSelenium.Vtiger_Lead_Test"/>
  <testcase name="leads_Vtiger" time="12.621" classname="PracticeSelenium.Vtiger_Lead_Test"/>
</testsuite> <!-- PracticeSelenium.Vtiger_Lead_Test -->
