<?xml version="1.0" encoding="UTF-8"?>
<!-- Generated by org.testng.reporters.JUnitReportReporter -->
<testsuite hostname="LAPTOP-MO78ICT9" name="com.inetbanking.testData.DataProviders" tests="3" failures="0" timestamp="11 Dec 2020 08:37:50 GMT" time="21.510" errors="0">
  <testcase name="login" time="6.067" classname="com.inetbanking.testData.DataProviders"/>
  <testcase name="login" time="6.184" classname="com.inetbanking.testData.DataProviders"/>
  <testcase name="login" time="9.259" classname="com.inetbanking.testData.DataProviders"/>
</testsuite> <!-- com.inetbanking.testData.DataProviders -->
