<?xml version="1.0" encoding="UTF-8"?>
<!-- Generated by org.testng.reporters.JUnitReportReporter -->
<testsuite hostname="LAPTOP-MO78ICT9" name="com.inetbanking.testData.WriteExcelTest" tests="1" failures="0" timestamp="27 Oct 2020 18:56:22 GMT" time="0.479" errors="0">
  <testcase name="WriteExcelTest1" time="0.479" classname="com.inetbanking.testData.WriteExcelTest"/>
</testsuite> <!-- com.inetbanking.testData.WriteExcelTest -->
